Unity Editor version:    2021.3.4f1 (cb45f9cae8b7)
Branch:                  2021.3/staging
Build type:              Release
Batch mode:              YES
macOS version:           Version 12.4 (Build 21F79)
Darwin version:          21.5.0
Architecture:            arm64
Running under Rosetta:   NO
Available memory:        8192 MB
Using pre-set license
Pro License: YES

COMMAND LINE ARGUMENTS:
/Applications/Unity/Hub/Editor/2021.3.4f1/Unity.app/Contents/MacOS/Unity
-adb2
-batchMode
-noUpm
-name
AssetImportWorker0
-projectPath
/Users/adarsh/Chess-Multiplayer
-logFile
Logs/AssetImportWorker0.log
-srvPort
51606
Successfully changed project path to: /Users/adarsh/Chess-Multiplayer
/Users/adarsh/Chess-Multiplayer
[UnityMemory] Configuration Parameters - Can be set up in boot.config
    "memorysetup-bucket-allocator-granularity=16"
    "memorysetup-bucket-allocator-bucket-count=8"
    "memorysetup-bucket-allocator-block-size=33554432"
    "memorysetup-bucket-allocator-block-count=8"
    "memorysetup-main-allocator-block-size=16777216"
    "memorysetup-thread-allocator-block-size=16777216"
    "memorysetup-gfx-main-allocator-block-size=16777216"
    "memorysetup-gfx-thread-allocator-block-size=16777216"
    "memorysetup-cache-allocator-block-size=4194304"
    "memorysetup-typetree-allocator-block-size=2097152"
    "memorysetup-profiler-bucket-allocator-granularity=16"
    "memorysetup-profiler-bucket-allocator-bucket-count=8"
    "memorysetup-profiler-bucket-allocator-block-size=33554432"
    "memorysetup-profiler-bucket-allocator-block-count=8"
    "memorysetup-profiler-allocator-block-size=16777216"
    "memorysetup-profiler-editor-allocator-block-size=1048576"
    "memorysetup-temp-allocator-size-main=16777216"
    "memorysetup-job-temp-allocator-block-size=2097152"
    "memorysetup-job-temp-allocator-block-size-background=1048576"
    "memorysetup-job-temp-allocator-reduction-small-platforms=262144"
    "memorysetup-temp-allocator-size-background-worker=32768"
    "memorysetup-temp-allocator-size-job-worker=262144"
    "memorysetup-temp-allocator-size-preload-manager=33554432"
    "memorysetup-temp-allocator-size-nav-mesh-worker=65536"
    "memorysetup-temp-allocator-size-audio-worker=65536"
    "memorysetup-temp-allocator-size-cloud-worker=32768"
    "memorysetup-temp-allocator-size-gi-baking-worker=262144"
    "memorysetup-temp-allocator-size-gfx=262144"
Refreshing native plugins compatible for Editor in 119.00 ms, found 2 plugins.
Preloading 0 native plugins for Editor in 0.00 ms.
Initialize engine version: 2021.3.4f1 (cb45f9cae8b7)
[Subsystems] Discovering subsystems at path /Applications/Unity/Hub/Editor/2021.3.4f1/Unity.app/Contents/Resources/UnitySubsystems
[Subsystems] Discovering subsystems at path /Users/adarsh/Chess-Multiplayer/Assets
GfxDevice: creating device client; threaded=0; jobified=0
 preferred device: Apple M1 (high power)
Metal devices available: 1
0: Apple M1 (high power)
Using device Apple M1 (high power)
Initializing Metal device caps: Apple M1
Initialize mono
Mono path[0] = '/Applications/Unity/Hub/Editor/2021.3.4f1/Unity.app/Contents/Managed'
Mono path[1] = '/Applications/Unity/Hub/Editor/2021.3.4f1/Unity.app/Contents/MonoBleedingEdge/lib/mono/unityjit-macos'
Mono config path = '/Applications/Unity/Hub/Editor/2021.3.4f1/Unity.app/Contents/MonoBleedingEdge/etc'
Using monoOptions --debugger-agent=transport=dt_socket,embedding=1,server=y,suspend=n,address=127.0.0.1:56892
Begin MonoManager ReloadAssembly
Registering precompiled unity dll's ...
Register platform support module: /Applications/Unity/Hub/Editor/2021.3.4f1/Unity.app/Contents/PlaybackEngines/MacStandaloneSupport/UnityEditor.OSXStandalone.Extensions.dll
Register platform support module: /Applications/Unity/Hub/Editor/2021.3.4f1/PlaybackEngines/AndroidPlayer/UnityEditor.Android.Extensions.dll
Registered in 0.001688 seconds.
Native extension for Android target not found
Native extension for OSXStandalone target not found
Refreshing native plugins compatible for Editor in 75.09 ms, found 2 plugins.
Preloading 0 native plugins for Editor in 0.00 ms.
Mono: successfully reloaded assembly
- Completed reload, in  0.481 seconds
Domain Reload Profiling:
	ReloadAssembly (481ms)
		BeginReloadAssembly (69ms)
			ExecutionOrderSort (0ms)
			DisableScriptedObjects (0ms)
			BackupInstance (0ms)
			ReleaseScriptingObjects (0ms)
			CreateAndSetChildDomain (0ms)
		EndReloadAssembly (341ms)
			LoadAssemblies (69ms)
			RebuildTransferFunctionScriptingTraits (1ms)
			SetupTypeCache (78ms)
			ReleaseScriptCaches (0ms)
			RebuildScriptCaches (33ms)
			SetupLoadedEditorAssemblies (201ms)
				LogAssemblyErrors (0ms)
				InitializePlatformSupportModulesInManaged (40ms)
				SetLoadedEditorAssemblies (0ms)
				RefreshPlugins (75ms)
				BeforeProcessingInitializeOnLoad (1ms)
				ProcessInitializeOnLoadAttributes (58ms)
				ProcessInitializeOnLoadMethodAttributes (26ms)
				AfterProcessingInitializeOnLoad (0ms)
				EditorAssembliesLoaded (0ms)
			ExecutionOrderSort2 (0ms)
			AwakeInstancesAfterBackupRestoration (0ms)
Platform modules already initialized, skipping
Registering precompiled user dll's ...
Registered in 0.001266 seconds.
Begin MonoManager ReloadAssembly
Symbol file LoadedFromMemory doesn't match image /Users/adarsh/Chess-Multiplayer/Library/PackageCache/com.unity.visualscripting@1.7.8/Editor/VisualScripting.Core/Dependencies/YamlDotNet/Unity.VisualScripting.YamlDotNet.dll
Symbol file LoadedFromMemory doesn't match image /Users/adarsh/Chess-Multiplayer/Library/PackageCache/com.unity.visualscripting@1.7.8/Editor/VisualScripting.Core/Dependencies/DotNetZip/Unity.VisualScripting.IonicZip.dll
Native extension for Android target not found
Native extension for OSXStandalone target not found
Refreshing native plugins compatible for Editor in 0.37 ms, found 2 plugins.
Preloading 0 native plugins for Editor in 0.00 ms.
Mono: successfully reloaded assembly
- Completed reload, in  0.759 seconds
Domain Reload Profiling:
	ReloadAssembly (759ms)
		BeginReloadAssembly (164ms)
			ExecutionOrderSort (0ms)
			DisableScriptedObjects (3ms)
			BackupInstance (0ms)
			ReleaseScriptingObjects (0ms)
			CreateAndSetChildDomain (118ms)
		EndReloadAssembly (524ms)
			LoadAssemblies (51ms)
			RebuildTransferFunctionScriptingTraits (0ms)
			SetupTypeCache (179ms)
			ReleaseScriptCaches (2ms)
			RebuildScriptCaches (34ms)
			SetupLoadedEditorAssemblies (235ms)
				LogAssemblyErrors (0ms)
				InitializePlatformSupportModulesInManaged (6ms)
				SetLoadedEditorAssemblies (0ms)
				RefreshPlugins (0ms)
				BeforeProcessingInitializeOnLoad (57ms)
				ProcessInitializeOnLoadAttributes (151ms)
				ProcessInitializeOnLoadMethodAttributes (19ms)
				AfterProcessingInitializeOnLoad (1ms)
				EditorAssembliesLoaded (0ms)
			ExecutionOrderSort2 (0ms)
			AwakeInstancesAfterBackupRestoration (2ms)
Platform modules already initialized, skipping
========================================================================
Worker process is ready to serve import requests
Launching external process: /Applications/Unity/Hub/Editor/2021.3.4f1/Unity.app/Contents/Tools/UnityShaderCompiler
Launched and connected shader compiler UnityShaderCompiler after 0.25 seconds
Refreshing native plugins compatible for Editor in 0.41 ms, found 2 plugins.
Preloading 0 native plugins for Editor in 0.00 ms.
Unloading 3396 Unused Serialized files (Serialized files now loaded: 0)
Unloading 27 unused Assets / (94.5 KB). Loaded Objects now: 3854.
Memory consumption went from 230.9 MB to 230.8 MB.
Total: 2.819000 ms (FindLiveObjects: 0.173708 ms CreateObjectMapping: 0.047917 ms MarkObjects: 2.273208 ms  DeleteObjects: 0.323459 ms)

AssetImportParameters requested are different than current active one (requested -> active):
  custom:video-decoder-ogg-theora: a1e56fd34408186e4bbccfd4996cb3dc -> 
  custom:container-muxer-webm: aa71ff27fc2769a1b78a27578f13a17b -> 
  custom:container-demuxer-webm: 4f35f7cbe854078d1ac9338744f61a02 -> 
  custom:video-encoder-webm-vp8: eb34c28f22e8b96e1ab97ce403110664 -> 
  custom:framework-osx-AVFoundation: e770b220cccbd017edd2c1fefb359320 -> 
  custom:audio-encoder-webm-vorbis: bf7c407c2cedff20999df2af8eb42d56 -> 
  custom:container-demuxer-ogg: 62fdf1f143b41e24485cea50d1cbac27 -> 
  custom:video-decoder-webm-vp8: 9c59270c3fd7afecdb556c50c9e8de78 -> 
  custom:audio-decoder-ogg-vorbis: bf7c407c2cedff20999df2af8eb42d56 -> 
========================================================================
Received Import Request.
  Time since last request: 102811.052850 seconds.
  path: Assets/GameData
  artifactKey: Guid(7aeb19b7c18484af4bfbb426b2ce1a94) Importer(815301076,1909f56bfc062723c751e8b465ee728b)
Start importing Assets/GameData using Guid(7aeb19b7c18484af4bfbb426b2ce1a94) Importer(815301076,1909f56bfc062723c751e8b465ee728b)  -> (artifact id: 'c420a7e513f4d89b1c2e3bd9f0c92a95') in 0.004115 seconds 
========================================================================
Received Import Request.
  Time since last request: 18.696077 seconds.
  path: Assets/GameData/BoardLayout.asset
  artifactKey: Guid(3401888bc9e344467a00ee74c5bd0c19) Importer(815301076,1909f56bfc062723c751e8b465ee728b)
Start importing Assets/GameData/BoardLayout.asset using Guid(3401888bc9e344467a00ee74c5bd0c19) Importer(815301076,1909f56bfc062723c751e8b465ee728b)  -> (artifact id: '4e94909fa8b9a66f175c8525f9448902') in 0.203886 seconds 
========================================================================
Received Import Request.
  Time since last request: 379.043560 seconds.
  path: Assets/GameData/BoardLayout.asset
  artifactKey: Guid(3401888bc9e344467a00ee74c5bd0c19) Importer(815301076,1909f56bfc062723c751e8b465ee728b)
Start importing Assets/GameData/BoardLayout.asset using Guid(3401888bc9e344467a00ee74c5bd0c19) Importer(815301076,1909f56bfc062723c751e8b465ee728b)  -> (artifact id: 'dab8352780dff68d5c58d1611f2a8a2d') in 0.032659 seconds 
========================================================================
Received Import Request.
  Time since last request: 191.305512 seconds.
  path: Assets/Scripts/ChessGameController.cs
  artifactKey: Guid(4d6f03d50e87340e6a0a6c27a6fcb1c3) Importer(815301076,1909f56bfc062723c751e8b465ee728b)
Start importing Assets/Scripts/ChessGameController.cs using Guid(4d6f03d50e87340e6a0a6c27a6fcb1c3) Importer(815301076,1909f56bfc062723c751e8b465ee728b)  -> (artifact id: 'ef9039ee3d2342633649bd76f644e9bc') in 0.068912 seconds 
========================================================================
Received Prepare
Registering precompiled user dll's ...
Registered in 0.001452 seconds.
Begin MonoManager ReloadAssembly
Thread 0x28e983000 may have been prematurely finalized
Symbol file LoadedFromMemory doesn't match image /Users/adarsh/Chess-Multiplayer/Library/PackageCache/com.unity.visualscripting@1.7.8/Editor/VisualScripting.Core/Dependencies/YamlDotNet/Unity.VisualScripting.YamlDotNet.dll
Symbol file LoadedFromMemory doesn't match image /Users/adarsh/Chess-Multiplayer/Library/PackageCache/com.unity.visualscripting@1.7.8/Editor/VisualScripting.Core/Dependencies/DotNetZip/Unity.VisualScripting.IonicZip.dll
Native extension for Android target not found
Native extension for OSXStandalone target not found
Refreshing native plugins compatible for Editor in 0.64 ms, found 2 plugins.
Preloading 0 native plugins for Editor in 0.00 ms.
Mono: successfully reloaded assembly
- Completed reload, in  0.799 seconds
Domain Reload Profiling:
	ReloadAssembly (800ms)
		BeginReloadAssembly (150ms)
			ExecutionOrderSort (0ms)
			DisableScriptedObjects (8ms)
			BackupInstance (0ms)
			ReleaseScriptingObjects (0ms)
			CreateAndSetChildDomain (61ms)
		EndReloadAssembly (574ms)
			LoadAssemblies (52ms)
			RebuildTransferFunctionScriptingTraits (0ms)
			SetupTypeCache (246ms)
			ReleaseScriptCaches (3ms)
			RebuildScriptCaches (43ms)
			SetupLoadedEditorAssemblies (211ms)
				LogAssemblyErrors (0ms)
				InitializePlatformSupportModulesInManaged (10ms)
				SetLoadedEditorAssemblies (1ms)
				RefreshPlugins (1ms)
				BeforeProcessingInitializeOnLoad (40ms)
				ProcessInitializeOnLoadAttributes (142ms)
				ProcessInitializeOnLoadMethodAttributes (17ms)
				AfterProcessingInitializeOnLoad (1ms)
				EditorAssembliesLoaded (0ms)
			ExecutionOrderSort2 (0ms)
			AwakeInstancesAfterBackupRestoration (2ms)
Platform modules already initialized, skipping
Refreshing native plugins compatible for Editor in 1.01 ms, found 2 plugins.
Preloading 0 native plugins for Editor in 0.00 ms.
Unloading 3392 Unused Serialized files (Serialized files now loaded: 0)
Unloading 20 unused Assets / (71.0 KB). Loaded Objects now: 3858.
Memory consumption went from 239.3 MB to 239.2 MB.
Total: 3.637000 ms (FindLiveObjects: 0.598666 ms CreateObjectMapping: 0.077542 ms MarkObjects: 2.869042 ms  DeleteObjects: 0.090833 ms)

AssetImportParameters requested are different than current active one (requested -> active):
  custom:video-decoder-ogg-theora: a1e56fd34408186e4bbccfd4996cb3dc -> 
  custom:container-muxer-webm: aa71ff27fc2769a1b78a27578f13a17b -> 
  custom:container-demuxer-webm: 4f35f7cbe854078d1ac9338744f61a02 -> 
  custom:video-encoder-webm-vp8: eb34c28f22e8b96e1ab97ce403110664 -> 
  custom:framework-osx-AVFoundation: e770b220cccbd017edd2c1fefb359320 -> 
  custom:audio-encoder-webm-vorbis: bf7c407c2cedff20999df2af8eb42d56 -> 
  custom:container-demuxer-ogg: 62fdf1f143b41e24485cea50d1cbac27 -> 
  custom:video-decoder-webm-vp8: 9c59270c3fd7afecdb556c50c9e8de78 -> 
  custom:audio-decoder-ogg-vorbis: bf7c407c2cedff20999df2af8eb42d56 -> 
========================================================================
Received Import Request.
  Time since last request: 12026.007118 seconds.
  path: Assets/Scripts/ChessGameController.cs
  artifactKey: Guid(4d6f03d50e87340e6a0a6c27a6fcb1c3) Importer(815301076,1909f56bfc062723c751e8b465ee728b)
Start importing Assets/Scripts/ChessGameController.cs using Guid(4d6f03d50e87340e6a0a6c27a6fcb1c3) Importer(815301076,1909f56bfc062723c751e8b465ee728b)  -> (artifact id: '9abfa7ae8263cb47e78cc26d4d70a601') in 0.155041 seconds 
========================================================================
Received Prepare
Registering precompiled user dll's ...
Registered in 0.001211 seconds.
Begin MonoManager ReloadAssembly
Thread 0x17c96f000 may have been prematurely finalized
Symbol file LoadedFromMemory doesn't match image /Users/adarsh/Chess-Multiplayer/Library/PackageCache/com.unity.visualscripting@1.7.8/Editor/VisualScripting.Core/Dependencies/YamlDotNet/Unity.VisualScripting.YamlDotNet.dll
Symbol file LoadedFromMemory doesn't match image /Users/adarsh/Chess-Multiplayer/Library/PackageCache/com.unity.visualscripting@1.7.8/Editor/VisualScripting.Core/Dependencies/DotNetZip/Unity.VisualScripting.IonicZip.dll
Native extension for Android target not found
Native extension for OSXStandalone target not found
Refreshing native plugins compatible for Editor in 0.44 ms, found 2 plugins.
Preloading 0 native plugins for Editor in 0.00 ms.
Mono: successfully reloaded assembly
- Completed reload, in  0.725 seconds
Domain Reload Profiling:
	ReloadAssembly (727ms)
		BeginReloadAssembly (151ms)
			ExecutionOrderSort (0ms)
			DisableScriptedObjects (8ms)
			BackupInstance (0ms)
			ReleaseScriptingObjects (0ms)
			CreateAndSetChildDomain (41ms)
		EndReloadAssembly (517ms)
			LoadAssemblies (71ms)
			RebuildTransferFunctionScriptingTraits (3ms)
			SetupTypeCache (200ms)
			ReleaseScriptCaches (2ms)
			RebuildScriptCaches (27ms)
			SetupLoadedEditorAssemblies (202ms)
				LogAssemblyErrors (0ms)
				InitializePlatformSupportModulesInManaged (9ms)
				SetLoadedEditorAssemblies (0ms)
				RefreshPlugins (0ms)
				BeforeProcessingInitializeOnLoad (41ms)
				ProcessInitializeOnLoadAttributes (134ms)
				ProcessInitializeOnLoadMethodAttributes (16ms)
				AfterProcessingInitializeOnLoad (1ms)
				EditorAssembliesLoaded (0ms)
			ExecutionOrderSort2 (0ms)
			AwakeInstancesAfterBackupRestoration (2ms)
Platform modules already initialized, skipping
Refreshing native plugins compatible for Editor in 1.36 ms, found 2 plugins.
Preloading 0 native plugins for Editor in 0.00 ms.
Unloading 3392 Unused Serialized files (Serialized files now loaded: 0)
Unloading 20 unused Assets / (71.1 KB). Loaded Objects now: 3861.
Memory consumption went from 240.0 MB to 239.9 MB.
Total: 2.322542 ms (FindLiveObjects: 0.159208 ms CreateObjectMapping: 0.090667 ms MarkObjects: 2.018292 ms  DeleteObjects: 0.053875 ms)

AssetImportParameters requested are different than current active one (requested -> active):
  custom:video-decoder-ogg-theora: a1e56fd34408186e4bbccfd4996cb3dc -> 
  custom:container-muxer-webm: aa71ff27fc2769a1b78a27578f13a17b -> 
  custom:container-demuxer-webm: 4f35f7cbe854078d1ac9338744f61a02 -> 
  custom:video-encoder-webm-vp8: eb34c28f22e8b96e1ab97ce403110664 -> 
  custom:framework-osx-AVFoundation: e770b220cccbd017edd2c1fefb359320 -> 
  custom:audio-encoder-webm-vorbis: bf7c407c2cedff20999df2af8eb42d56 -> 
  custom:container-demuxer-ogg: 62fdf1f143b41e24485cea50d1cbac27 -> 
  custom:video-decoder-webm-vp8: 9c59270c3fd7afecdb556c50c9e8de78 -> 
  custom:audio-decoder-ogg-vorbis: bf7c407c2cedff20999df2af8eb42d56 -> 
========================================================================
Received Import Request.
  Time since last request: 466.590228 seconds.
  path: Assets/Materials
  artifactKey: Guid(514abbfa9d7f74b81a8988370be6813c) Importer(815301076,1909f56bfc062723c751e8b465ee728b)
Start importing Assets/Materials using Guid(514abbfa9d7f74b81a8988370be6813c) Importer(815301076,1909f56bfc062723c751e8b465ee728b)  -> (artifact id: 'b7a36f9eda77c222edffef6133e39141') in 0.034201 seconds 
========================================================================
Received Import Request.
  Time since last request: 14.531582 seconds.
  path: Assets/Materials/Black.mat
  artifactKey: Guid(f7a121122b26d4323a1cc51248da8b80) Importer(815301076,1909f56bfc062723c751e8b465ee728b)
Start importing Assets/Materials/Black.mat using Guid(f7a121122b26d4323a1cc51248da8b80) Importer(815301076,1909f56bfc062723c751e8b465ee728b)  -> (artifact id: '576934a8ba0101a709c68fd3bce2e191') in 0.154623 seconds 
========================================================================
Received Import Request.
  Time since last request: 3.865920 seconds.
  path: Assets/Materials/Black 1.mat
  artifactKey: Guid(aba4827c97c914dffbc560a53e896796) Importer(815301076,1909f56bfc062723c751e8b465ee728b)
Start importing Assets/Materials/Black 1.mat using Guid(aba4827c97c914dffbc560a53e896796) Importer(815301076,1909f56bfc062723c751e8b465ee728b)  -> (artifact id: '5ca3fc8d1204786009e939e1f52af84a') in 0.008726 seconds 
========================================================================
Received Import Request.
  Time since last request: 7.579313 seconds.
  path: Assets/Materials/White.mat
  artifactKey: Guid(aba4827c97c914dffbc560a53e896796) Importer(815301076,1909f56bfc062723c751e8b465ee728b)
Start importing Assets/Materials/White.mat using Guid(aba4827c97c914dffbc560a53e896796) Importer(815301076,1909f56bfc062723c751e8b465ee728b)  -> (artifact id: '9713097e065e3f85c47adde68762b041') in 0.007017 seconds 
========================================================================
Received Import Request.
  Time since last request: 147.854536 seconds.
  path: Assets/BrokenVector/LowpolyChessPack/Prefabs/Black Bishop.prefab
  artifactKey: Guid(a71fd906a2159e247ab4d632e46947db) Importer(815301076,1909f56bfc062723c751e8b465ee728b)
Start importing Assets/BrokenVector/LowpolyChessPack/Prefabs/Black Bishop.prefab using Guid(a71fd906a2159e247ab4d632e46947db) Importer(815301076,1909f56bfc062723c751e8b465ee728b)  -> (artifact id: '4d91e7f6a472072156ad0b18a37e20bb') in 0.082005 seconds 
========================================================================
Received Import Request.
  Time since last request: 0.000067 seconds.
  path: Assets/BrokenVector/LowpolyChessPack/Prefabs/White Knight.prefab
  artifactKey: Guid(7248632fb471af143947a88a47eae959) Importer(815301076,1909f56bfc062723c751e8b465ee728b)
Start importing Assets/BrokenVector/LowpolyChessPack/Prefabs/White Knight.prefab using Guid(7248632fb471af143947a88a47eae959) Importer(815301076,1909f56bfc062723c751e8b465ee728b)  -> (artifact id: '074540cfc7d250b47c94ac5814c23640') in 0.006658 seconds 
========================================================================
Received Import Request.
  Time since last request: 0.000099 seconds.
  path: Assets/BrokenVector/LowpolyChessPack/Prefabs/White Bishop.prefab
  artifactKey: Guid(cd05c23b470229c44a8d53d6e86225f6) Importer(815301076,1909f56bfc062723c751e8b465ee728b)
Start importing Assets/BrokenVector/LowpolyChessPack/Prefabs/White Bishop.prefab using Guid(cd05c23b470229c44a8d53d6e86225f6) Importer(815301076,1909f56bfc062723c751e8b465ee728b)  -> (artifact id: '5ac1340f1cf0a650e7b5464bdb7b8781') in 0.016904 seconds 
========================================================================
Received Import Request.
  Time since last request: 0.000052 seconds.
  path: Assets/BrokenVector/LowpolyChessPack/Prefabs/Board.prefab
  artifactKey: Guid(31270e9f38d5e7a448ae050b9633fce3) Importer(815301076,1909f56bfc062723c751e8b465ee728b)
Start importing Assets/BrokenVector/LowpolyChessPack/Prefabs/Board.prefab using Guid(31270e9f38d5e7a448ae050b9633fce3) Importer(815301076,1909f56bfc062723c751e8b465ee728b)  -> (artifact id: '5570512ad88ed3bb238765455031feae') in 0.009969 seconds 
========================================================================
Received Import Request.
  Time since last request: 0.000039 seconds.
  path: Assets/BrokenVector/LowpolyChessPack/Prefabs/Black Pawn.prefab
  artifactKey: Guid(edd4f3477fd5a8b4599bf6c0dac39f1d) Importer(815301076,1909f56bfc062723c751e8b465ee728b)
Start importing Assets/BrokenVector/LowpolyChessPack/Prefabs/Black Pawn.prefab using Guid(edd4f3477fd5a8b4599bf6c0dac39f1d) Importer(815301076,1909f56bfc062723c751e8b465ee728b)  -> (artifact id: '1c930c70b8b8f809df4a24e3cfb00ed7') in 0.008181 seconds 
========================================================================
Received Import Request.
  Time since last request: 0.000035 seconds.
  path: Assets/BrokenVector/LowpolyChessPack/Prefabs/White Pawn.prefab
  artifactKey: Guid(48d5ea4ff810d0e4ea36af7235dd5fd7) Importer(815301076,1909f56bfc062723c751e8b465ee728b)
Start importing Assets/BrokenVector/LowpolyChessPack/Prefabs/White Pawn.prefab using Guid(48d5ea4ff810d0e4ea36af7235dd5fd7) Importer(815301076,1909f56bfc062723c751e8b465ee728b)  -> (artifact id: '1d2c36e1a3ac6090a4cb4e1628717d07') in 0.006945 seconds 
========================================================================
Received Import Request.
  Time since last request: 0.000035 seconds.
  path: Assets/BrokenVector/LowpolyChessPack/Prefabs/White Rook.prefab
  artifactKey: Guid(43ef2ba32fda59c42a1410ea490d494b) Importer(815301076,1909f56bfc062723c751e8b465ee728b)
Start importing Assets/BrokenVector/LowpolyChessPack/Prefabs/White Rook.prefab using Guid(43ef2ba32fda59c42a1410ea490d494b) Importer(815301076,1909f56bfc062723c751e8b465ee728b)  -> (artifact id: '6104f8e6186e7341a31db55aa00d937b') in 0.005050 seconds 
========================================================================
Received Import Request.
  Time since last request: 0.000033 seconds.
  path: Assets/BrokenVector/LowpolyChessPack/Prefabs/Black Rook.prefab
  artifactKey: Guid(9d3e9c36668dcfe44b524760a4c3a3b5) Importer(815301076,1909f56bfc062723c751e8b465ee728b)
Start importing Assets/BrokenVector/LowpolyChessPack/Prefabs/Black Rook.prefab using Guid(9d3e9c36668dcfe44b524760a4c3a3b5) Importer(815301076,1909f56bfc062723c751e8b465ee728b)  -> (artifact id: '58378f6052e5b08f2d282b25192644cc') in 0.008803 seconds 
========================================================================
Received Import Request.
  Time since last request: 0.000036 seconds.
  path: Assets/BrokenVector/LowpolyChessPack/Prefabs/Black Knight.prefab
  artifactKey: Guid(b6c7ad354ac474944ba26b2895a59759) Importer(815301076,1909f56bfc062723c751e8b465ee728b)
Start importing Assets/BrokenVector/LowpolyChessPack/Prefabs/Black Knight.prefab using Guid(b6c7ad354ac474944ba26b2895a59759) Importer(815301076,1909f56bfc062723c751e8b465ee728b)  -> (artifact id: 'd3991358c903068eb1be37ecf9f55d7f') in 0.004990 seconds 
========================================================================
Received Import Request.
  Time since last request: 0.000037 seconds.
  path: Assets/BrokenVector/LowpolyChessPack/Prefabs/White Queen.prefab
  artifactKey: Guid(6f38c700bedefe64f8364436528e5c3d) Importer(815301076,1909f56bfc062723c751e8b465ee728b)
Start importing Assets/BrokenVector/LowpolyChessPack/Prefabs/White Queen.prefab using Guid(6f38c700bedefe64f8364436528e5c3d) Importer(815301076,1909f56bfc062723c751e8b465ee728b)  -> (artifact id: 'ab93cdbca8cc709e636e0af79ab825e1') in 0.004899 seconds 
========================================================================
Received Import Request.
  Time since last request: 0.000042 seconds.
  path: Assets/BrokenVector/LowpolyChessPack/Prefabs/Black Queen.prefab
  artifactKey: Guid(1f7a3b3d104b8e44cb39f5356ae1d0bb) Importer(815301076,1909f56bfc062723c751e8b465ee728b)
Start importing Assets/BrokenVector/LowpolyChessPack/Prefabs/Black Queen.prefab using Guid(1f7a3b3d104b8e44cb39f5356ae1d0bb) Importer(815301076,1909f56bfc062723c751e8b465ee728b)  -> (artifact id: '8e130add8fb0a8407dafd8658bb7daa9') in 0.005233 seconds 
========================================================================
Received Import Request.
  Time since last request: 0.000052 seconds.
  path: Assets/BrokenVector/LowpolyChessPack/Prefabs/White King.prefab
  artifactKey: Guid(9e4e635002b6a524ca896adb28e8e388) Importer(815301076,1909f56bfc062723c751e8b465ee728b)
Start importing Assets/BrokenVector/LowpolyChessPack/Prefabs/White King.prefab using Guid(9e4e635002b6a524ca896adb28e8e388) Importer(815301076,1909f56bfc062723c751e8b465ee728b)  -> (artifact id: '24893c2adfb3f6a4333311315165233f') in 0.008411 seconds 
========================================================================
Received Import Request.
  Time since last request: 8.951668 seconds.
  path: Assets/BrokenVector/LowpolyChessPack/Prefabs/Bishop.prefab
  artifactKey: Guid(cd05c23b470229c44a8d53d6e86225f6) Importer(815301076,1909f56bfc062723c751e8b465ee728b)
Start importing Assets/BrokenVector/LowpolyChessPack/Prefabs/Bishop.prefab using Guid(cd05c23b470229c44a8d53d6e86225f6) Importer(815301076,1909f56bfc062723c751e8b465ee728b)  -> (artifact id: '2597eb7c1e37d94067d0cc4c09e5ea09') in 0.004887 seconds 
========================================================================
Received Import Request.
  Time since last request: 8.614285 seconds.
  path: Assets/BrokenVector/LowpolyChessPack/Prefabs/King.prefab
  artifactKey: Guid(9e4e635002b6a524ca896adb28e8e388) Importer(815301076,1909f56bfc062723c751e8b465ee728b)
Start importing Assets/BrokenVector/LowpolyChessPack/Prefabs/King.prefab using Guid(9e4e635002b6a524ca896adb28e8e388) Importer(815301076,1909f56bfc062723c751e8b465ee728b)  -> (artifact id: '34560ac5d825bed28b978be9cdc57f44') in 0.004982 seconds 
========================================================================
Received Import Request.
  Time since last request: 8.174542 seconds.
  path: Assets/BrokenVector/LowpolyChessPack/Prefabs/Knight.prefab
  artifactKey: Guid(7248632fb471af143947a88a47eae959) Importer(815301076,1909f56bfc062723c751e8b465ee728b)
Start importing Assets/BrokenVector/LowpolyChessPack/Prefabs/Knight.prefab using Guid(7248632fb471af143947a88a47eae959) Importer(815301076,1909f56bfc062723c751e8b465ee728b)  -> (artifact id: '2a336b49ccf15666061ae2ef3220edd7') in 0.005269 seconds 
========================================================================
Received Import Request.
  Time since last request: 6.183563 seconds.
  path: Assets/BrokenVector/LowpolyChessPack/Prefabs/Pawn.prefab
  artifactKey: Guid(48d5ea4ff810d0e4ea36af7235dd5fd7) Importer(815301076,1909f56bfc062723c751e8b465ee728b)
Start importing Assets/BrokenVector/LowpolyChessPack/Prefabs/Pawn.prefab using Guid(48d5ea4ff810d0e4ea36af7235dd5fd7) Importer(815301076,1909f56bfc062723c751e8b465ee728b)  -> (artifact id: '3e623fb85c67ed08b320b7f1f52c06e5') in 0.004751 seconds 
========================================================================
Received Import Request.
  Time since last request: 5.488370 seconds.
  path: Assets/BrokenVector/LowpolyChessPack/Prefabs/Queen.prefab
  artifactKey: Guid(6f38c700bedefe64f8364436528e5c3d) Importer(815301076,1909f56bfc062723c751e8b465ee728b)
Start importing Assets/BrokenVector/LowpolyChessPack/Prefabs/Queen.prefab using Guid(6f38c700bedefe64f8364436528e5c3d) Importer(815301076,1909f56bfc062723c751e8b465ee728b)  -> (artifact id: '81e057d35021f79dbf518b539379813e') in 0.005709 seconds 
========================================================================
Received Import Request.
  Time since last request: 6.385481 seconds.
  path: Assets/BrokenVector/LowpolyChessPack/Prefabs/Rook.prefab
  artifactKey: Guid(43ef2ba32fda59c42a1410ea490d494b) Importer(815301076,1909f56bfc062723c751e8b465ee728b)
Start importing Assets/BrokenVector/LowpolyChessPack/Prefabs/Rook.prefab using Guid(43ef2ba32fda59c42a1410ea490d494b) Importer(815301076,1909f56bfc062723c751e8b465ee728b)  -> (artifact id: '48e635dc8df5a1b6648810a191ac735c') in 0.010417 seconds 
========================================================================
Received Import Request.
  Time since last request: 27.361686 seconds.
  path: Assets/Prefabs
  artifactKey: Guid(449aee9f495a64124a69824af7a82913) Importer(815301076,1909f56bfc062723c751e8b465ee728b)
Start importing Assets/Prefabs using Guid(449aee9f495a64124a69824af7a82913) Importer(815301076,1909f56bfc062723c751e8b465ee728b)  -> (artifact id: '04c6d8907ecad477a6a2986d0f83dc30') in 0.001460 seconds 
========================================================================
Received Import Request.
  Time since last request: 14.310381 seconds.
  path: Assets/BrokenVector/LowpolyChessPack/Prefabs/Bishop.prefab
  artifactKey: Guid(cd05c23b470229c44a8d53d6e86225f6) Importer(815301076,1909f56bfc062723c751e8b465ee728b)
Start importing Assets/BrokenVector/LowpolyChessPack/Prefabs/Bishop.prefab using Guid(cd05c23b470229c44a8d53d6e86225f6) Importer(815301076,1909f56bfc062723c751e8b465ee728b)  -> (artifact id: 'dda957a4d190ba19991bbbcaf8dacc41') in 0.008642 seconds 
========================================================================
Received Import Request.
  Time since last request: 0.002260 seconds.
  path: Assets/BrokenVector/LowpolyChessPack/Prefabs/King.prefab
  artifactKey: Guid(9e4e635002b6a524ca896adb28e8e388) Importer(815301076,1909f56bfc062723c751e8b465ee728b)
Start importing Assets/BrokenVector/LowpolyChessPack/Prefabs/King.prefab using Guid(9e4e635002b6a524ca896adb28e8e388) Importer(815301076,1909f56bfc062723c751e8b465ee728b)  -> (artifact id: '5daa61ef8a98523d7b95380ebe7507f2') in 0.009148 seconds 
========================================================================
Received Import Request.
  Time since last request: 0.000064 seconds.
  path: Assets/BrokenVector/LowpolyChessPack/Prefabs/Pawn.prefab
  artifactKey: Guid(48d5ea4ff810d0e4ea36af7235dd5fd7) Importer(815301076,1909f56bfc062723c751e8b465ee728b)
Start importing Assets/BrokenVector/LowpolyChessPack/Prefabs/Pawn.prefab using Guid(48d5ea4ff810d0e4ea36af7235dd5fd7) Importer(815301076,1909f56bfc062723c751e8b465ee728b)  -> (artifact id: 'ebf1af8be878640feae16d1b885926b7') in 0.008474 seconds 
========================================================================
Received Import Request.
  Time since last request: 0.000033 seconds.
  path: Assets/BrokenVector/LowpolyChessPack/Prefabs/Rook.prefab
  artifactKey: Guid(43ef2ba32fda59c42a1410ea490d494b) Importer(815301076,1909f56bfc062723c751e8b465ee728b)
Start importing Assets/BrokenVector/LowpolyChessPack/Prefabs/Rook.prefab using Guid(43ef2ba32fda59c42a1410ea490d494b) Importer(815301076,1909f56bfc062723c751e8b465ee728b)  -> (artifact id: '17ffcdef81f2cc0a9dd1ab29d076da2a') in 0.009128 seconds 
========================================================================
Received Prepare
Registering precompiled user dll's ...
Registered in 0.001172 seconds.
Begin MonoManager ReloadAssembly
Thread 0x17c96f000 may have been prematurely finalized
Symbol file LoadedFromMemory doesn't match image /Users/adarsh/Chess-Multiplayer/Library/PackageCache/com.unity.visualscripting@1.7.8/Editor/VisualScripting.Core/Dependencies/YamlDotNet/Unity.VisualScripting.YamlDotNet.dll
Symbol file LoadedFromMemory doesn't match image /Users/adarsh/Chess-Multiplayer/Library/PackageCache/com.unity.visualscripting@1.7.8/Editor/VisualScripting.Core/Dependencies/DotNetZip/Unity.VisualScripting.IonicZip.dll
Native extension for Android target not found
Native extension for OSXStandalone target not found
Refreshing native plugins compatible for Editor in 0.33 ms, found 2 plugins.
Preloading 0 native plugins for Editor in 0.00 ms.
Mono: successfully reloaded assembly
- Completed reload, in  0.694 seconds
Domain Reload Profiling:
	ReloadAssembly (695ms)
		BeginReloadAssembly (125ms)
			ExecutionOrderSort (0ms)
			DisableScriptedObjects (6ms)
			BackupInstance (0ms)
			ReleaseScriptingObjects (0ms)
			CreateAndSetChildDomain (55ms)
		EndReloadAssembly (505ms)
			LoadAssemblies (59ms)
			RebuildTransferFunctionScriptingTraits (0ms)
			SetupTypeCache (196ms)
			ReleaseScriptCaches (1ms)
			RebuildScriptCaches (28ms)
			SetupLoadedEditorAssemblies (201ms)
				LogAssemblyErrors (0ms)
				InitializePlatformSupportModulesInManaged (9ms)
				SetLoadedEditorAssemblies (0ms)
				RefreshPlugins (0ms)
				BeforeProcessingInitializeOnLoad (38ms)
				ProcessInitializeOnLoadAttributes (136ms)
				ProcessInitializeOnLoadMethodAttributes (16ms)
				AfterProcessingInitializeOnLoad (1ms)
				EditorAssembliesLoaded (0ms)
			ExecutionOrderSort2 (0ms)
			AwakeInstancesAfterBackupRestoration (2ms)
Platform modules already initialized, skipping
Refreshing native plugins compatible for Editor in 0.91 ms, found 2 plugins.
Preloading 0 native plugins for Editor in 0.00 ms.
Unloading 3392 Unused Serialized files (Serialized files now loaded: 0)
Unloading 20 unused Assets / (70.9 KB). Loaded Objects now: 3903.
Memory consumption went from 253.3 MB to 253.2 MB.
Total: 2.512875 ms (FindLiveObjects: 0.174917 ms CreateObjectMapping: 0.062583 ms MarkObjects: 2.209542 ms  DeleteObjects: 0.065541 ms)

AssetImportParameters requested are different than current active one (requested -> active):
  custom:video-decoder-ogg-theora: a1e56fd34408186e4bbccfd4996cb3dc -> 
  custom:container-muxer-webm: aa71ff27fc2769a1b78a27578f13a17b -> 
  custom:container-demuxer-webm: 4f35f7cbe854078d1ac9338744f61a02 -> 
  custom:video-encoder-webm-vp8: eb34c28f22e8b96e1ab97ce403110664 -> 
  custom:framework-osx-AVFoundation: e770b220cccbd017edd2c1fefb359320 -> 
  custom:audio-encoder-webm-vorbis: bf7c407c2cedff20999df2af8eb42d56 -> 
  custom:container-demuxer-ogg: 62fdf1f143b41e24485cea50d1cbac27 -> 
  custom:video-decoder-webm-vp8: 9c59270c3fd7afecdb556c50c9e8de78 -> 
  custom:audio-decoder-ogg-vorbis: bf7c407c2cedff20999df2af8eb42d56 -> 
========================================================================
Received Import Request.
  Time since last request: 158.336851 seconds.
  path: Assets/Prefabs/Bishop.prefab
  artifactKey: Guid(cd05c23b470229c44a8d53d6e86225f6) Importer(815301076,1909f56bfc062723c751e8b465ee728b)
Start importing Assets/Prefabs/Bishop.prefab using Guid(cd05c23b470229c44a8d53d6e86225f6) Importer(815301076,1909f56bfc062723c751e8b465ee728b)  -> (artifact id: 'f86ee0dcda868fde254519c3c523eb39') in 0.129679 seconds 
========================================================================
Received Prepare
Registering precompiled user dll's ...
Registered in 0.001181 seconds.
Begin MonoManager ReloadAssembly
Thread 0x17c96f000 may have been prematurely finalized
Symbol file LoadedFromMemory doesn't match image /Users/adarsh/Chess-Multiplayer/Library/PackageCache/com.unity.visualscripting@1.7.8/Editor/VisualScripting.Core/Dependencies/YamlDotNet/Unity.VisualScripting.YamlDotNet.dll
Symbol file LoadedFromMemory doesn't match image /Users/adarsh/Chess-Multiplayer/Library/PackageCache/com.unity.visualscripting@1.7.8/Editor/VisualScripting.Core/Dependencies/DotNetZip/Unity.VisualScripting.IonicZip.dll
Native extension for Android target not found
Native extension for OSXStandalone target not found
Refreshing native plugins compatible for Editor in 0.40 ms, found 2 plugins.
Preloading 0 native plugins for Editor in 0.00 ms.
Mono: successfully reloaded assembly
- Completed reload, in  0.642 seconds
Domain Reload Profiling:
	ReloadAssembly (647ms)
		BeginReloadAssembly (106ms)
			ExecutionOrderSort (0ms)
			DisableScriptedObjects (7ms)
			BackupInstance (0ms)
			ReleaseScriptingObjects (0ms)
			CreateAndSetChildDomain (44ms)
		EndReloadAssembly (475ms)
			LoadAssemblies (46ms)
			RebuildTransferFunctionScriptingTraits (0ms)
			SetupTypeCache (184ms)
			ReleaseScriptCaches (1ms)
			RebuildScriptCaches (28ms)
			SetupLoadedEditorAssemblies (194ms)
				LogAssemblyErrors (0ms)
				InitializePlatformSupportModulesInManaged (10ms)
				SetLoadedEditorAssemblies (0ms)
				RefreshPlugins (0ms)
				BeforeProcessingInitializeOnLoad (38ms)
				ProcessInitializeOnLoadAttributes (129ms)
				ProcessInitializeOnLoadMethodAttributes (15ms)
				AfterProcessingInitializeOnLoad (1ms)
				EditorAssembliesLoaded (0ms)
			ExecutionOrderSort2 (0ms)
			AwakeInstancesAfterBackupRestoration (2ms)
Platform modules already initialized, skipping
Refreshing native plugins compatible for Editor in 0.74 ms, found 2 plugins.
Preloading 0 native plugins for Editor in 0.00 ms.
Unloading 3392 Unused Serialized files (Serialized files now loaded: 0)
Unloading 20 unused Assets / (71.2 KB). Loaded Objects now: 3906.
Memory consumption went from 253.5 MB to 253.5 MB.
Total: 2.166208 ms (FindLiveObjects: 0.126334 ms CreateObjectMapping: 0.048583 ms MarkObjects: 1.939666 ms  DeleteObjects: 0.051041 ms)

AssetImportParameters requested are different than current active one (requested -> active):
  custom:video-decoder-ogg-theora: a1e56fd34408186e4bbccfd4996cb3dc -> 
  custom:container-muxer-webm: aa71ff27fc2769a1b78a27578f13a17b -> 
  custom:container-demuxer-webm: 4f35f7cbe854078d1ac9338744f61a02 -> 
  custom:video-encoder-webm-vp8: eb34c28f22e8b96e1ab97ce403110664 -> 
  custom:framework-osx-AVFoundation: e770b220cccbd017edd2c1fefb359320 -> 
  custom:audio-encoder-webm-vorbis: bf7c407c2cedff20999df2af8eb42d56 -> 
  custom:container-demuxer-ogg: 62fdf1f143b41e24485cea50d1cbac27 -> 
  custom:video-decoder-webm-vp8: 9c59270c3fd7afecdb556c50c9e8de78 -> 
  custom:audio-decoder-ogg-vorbis: bf7c407c2cedff20999df2af8eb42d56 -> 
========================================================================
Received Import Request.
  Time since last request: 78.622146 seconds.
  path: Assets/Prefabs/Bishop.prefab
  artifactKey: Guid(cd05c23b470229c44a8d53d6e86225f6) Importer(815301076,1909f56bfc062723c751e8b465ee728b)
Start importing Assets/Prefabs/Bishop.prefab using Guid(cd05c23b470229c44a8d53d6e86225f6) Importer(815301076,1909f56bfc062723c751e8b465ee728b)  -> (artifact id: 'e51fc8c8f4334a6352ad6d4c0218d91a') in 0.051213 seconds 
========================================================================
Received Import Request.
  Time since last request: 26.501088 seconds.
  path: Assets/Prefabs/Knight.prefab
  artifactKey: Guid(7248632fb471af143947a88a47eae959) Importer(815301076,1909f56bfc062723c751e8b465ee728b)
Start importing Assets/Prefabs/Knight.prefab using Guid(7248632fb471af143947a88a47eae959) Importer(815301076,1909f56bfc062723c751e8b465ee728b)  -> (artifact id: '265a7f827f6574658a2008636248529c') in 0.022362 seconds 
========================================================================
Received Import Request.
  Time since last request: 4.528205 seconds.
  path: Assets/Prefabs/Bishop.prefab
  artifactKey: Guid(cd05c23b470229c44a8d53d6e86225f6) Importer(815301076,1909f56bfc062723c751e8b465ee728b)
Start importing Assets/Prefabs/Bishop.prefab using Guid(cd05c23b470229c44a8d53d6e86225f6) Importer(815301076,1909f56bfc062723c751e8b465ee728b)  -> (artifact id: '2681cb9a3b935b53621401dbace74f57') in 0.005842 seconds 
========================================================================
Received Import Request.
  Time since last request: 5.609391 seconds.
  path: Assets/Prefabs/Bishop.prefab
  artifactKey: Guid(cd05c23b470229c44a8d53d6e86225f6) Importer(815301076,1909f56bfc062723c751e8b465ee728b)
Start importing Assets/Prefabs/Bishop.prefab using Guid(cd05c23b470229c44a8d53d6e86225f6) Importer(815301076,1909f56bfc062723c751e8b465ee728b)  -> (artifact id: '8c022f4b3263419cc8b14ec395e7e0da') in 0.005562 seconds 
========================================================================
Received Import Request.
  Time since last request: 7.277352 seconds.
  path: Assets/Prefabs/Pawn.prefab
  artifactKey: Guid(48d5ea4ff810d0e4ea36af7235dd5fd7) Importer(815301076,1909f56bfc062723c751e8b465ee728b)
Start importing Assets/Prefabs/Pawn.prefab using Guid(48d5ea4ff810d0e4ea36af7235dd5fd7) Importer(815301076,1909f56bfc062723c751e8b465ee728b)  -> (artifact id: '283abd7e91e5cea2629d9211e363d5f6') in 0.008600 seconds 
========================================================================
Received Import Request.
  Time since last request: 15.647694 seconds.
  path: Assets/Prefabs/Queen.prefab
  artifactKey: Guid(6f38c700bedefe64f8364436528e5c3d) Importer(815301076,1909f56bfc062723c751e8b465ee728b)
Start importing Assets/Prefabs/Queen.prefab using Guid(6f38c700bedefe64f8364436528e5c3d) Importer(815301076,1909f56bfc062723c751e8b465ee728b)  -> (artifact id: '1111bc6700f4ead30d686cf3e03cb42c') in 0.007012 seconds 
========================================================================
Received Import Request.
  Time since last request: 0.591794 seconds.
  path: Assets/Prefabs/Rook.prefab
  artifactKey: Guid(43ef2ba32fda59c42a1410ea490d494b) Importer(815301076,1909f56bfc062723c751e8b465ee728b)
Start importing Assets/Prefabs/Rook.prefab using Guid(43ef2ba32fda59c42a1410ea490d494b) Importer(815301076,1909f56bfc062723c751e8b465ee728b)  -> (artifact id: 'f2f3a705d09cf2596c975fb5fb9f97e8') in 0.006511 seconds 
========================================================================
Received Import Request.
  Time since last request: 1.191460 seconds.
  path: Assets/Prefabs/King.prefab
  artifactKey: Guid(9e4e635002b6a524ca896adb28e8e388) Importer(815301076,1909f56bfc062723c751e8b465ee728b)
Start importing Assets/Prefabs/King.prefab using Guid(9e4e635002b6a524ca896adb28e8e388) Importer(815301076,1909f56bfc062723c751e8b465ee728b)  -> (artifact id: 'c6c50cbc063a2a2996086c0a8cbf966d') in 0.006684 seconds 
========================================================================
Received Prepare
Registering precompiled user dll's ...
Registered in 0.001244 seconds.
Begin MonoManager ReloadAssembly
Thread 0x17c96f000 may have been prematurely finalized
Symbol file LoadedFromMemory doesn't match image /Users/adarsh/Chess-Multiplayer/Library/PackageCache/com.unity.visualscripting@1.7.8/Editor/VisualScripting.Core/Dependencies/YamlDotNet/Unity.VisualScripting.YamlDotNet.dll
Symbol file LoadedFromMemory doesn't match image /Users/adarsh/Chess-Multiplayer/Library/PackageCache/com.unity.visualscripting@1.7.8/Editor/VisualScripting.Core/Dependencies/DotNetZip/Unity.VisualScripting.IonicZip.dll
Native extension for Android target not found
Native extension for OSXStandalone target not found
Refreshing native plugins compatible for Editor in 0.41 ms, found 2 plugins.
Preloading 0 native plugins for Editor in 0.00 ms.
Mono: successfully reloaded assembly
- Completed reload, in  0.693 seconds
Domain Reload Profiling:
	ReloadAssembly (694ms)
		BeginReloadAssembly (123ms)
			ExecutionOrderSort (0ms)
			DisableScriptedObjects (8ms)
			BackupInstance (0ms)
			ReleaseScriptingObjects (0ms)
			CreateAndSetChildDomain (51ms)
		EndReloadAssembly (505ms)
			LoadAssemblies (49ms)
			RebuildTransferFunctionScriptingTraits (0ms)
			SetupTypeCache (193ms)
			ReleaseScriptCaches (1ms)
			RebuildScriptCaches (29ms)
			SetupLoadedEditorAssemblies (211ms)
				LogAssemblyErrors (0ms)
				InitializePlatformSupportModulesInManaged (11ms)
				SetLoadedEditorAssemblies (0ms)
				RefreshPlugins (0ms)
				BeforeProcessingInitializeOnLoad (40ms)
				ProcessInitializeOnLoadAttributes (143ms)
				ProcessInitializeOnLoadMethodAttributes (16ms)
				AfterProcessingInitializeOnLoad (1ms)
				EditorAssembliesLoaded (0ms)
			ExecutionOrderSort2 (0ms)
			AwakeInstancesAfterBackupRestoration (3ms)
Platform modules already initialized, skipping
Refreshing native plugins compatible for Editor in 0.79 ms, found 2 plugins.
Preloading 0 native plugins for Editor in 0.00 ms.
Unloading 3392 Unused Serialized files (Serialized files now loaded: 0)
Unloading 20 unused Assets / (71.0 KB). Loaded Objects now: 3909.
Memory consumption went from 253.8 MB to 253.7 MB.
Total: 2.401750 ms (FindLiveObjects: 0.132542 ms CreateObjectMapping: 0.051750 ms MarkObjects: 2.152166 ms  DeleteObjects: 0.064500 ms)

AssetImportParameters requested are different than current active one (requested -> active):
  custom:video-decoder-ogg-theora: a1e56fd34408186e4bbccfd4996cb3dc -> 
  custom:container-muxer-webm: aa71ff27fc2769a1b78a27578f13a17b -> 
  custom:container-demuxer-webm: 4f35f7cbe854078d1ac9338744f61a02 -> 
  custom:video-encoder-webm-vp8: eb34c28f22e8b96e1ab97ce403110664 -> 
  custom:framework-osx-AVFoundation: e770b220cccbd017edd2c1fefb359320 -> 
  custom:audio-encoder-webm-vorbis: bf7c407c2cedff20999df2af8eb42d56 -> 
  custom:container-demuxer-ogg: 62fdf1f143b41e24485cea50d1cbac27 -> 
  custom:video-decoder-webm-vp8: 9c59270c3fd7afecdb556c50c9e8de78 -> 
  custom:audio-decoder-ogg-vorbis: bf7c407c2cedff20999df2af8eb42d56 -> 
========================================================================
Received Prepare
Registering precompiled user dll's ...
Registered in 0.001140 seconds.
Begin MonoManager ReloadAssembly
Thread 0x17c96f000 may have been prematurely finalized
Symbol file LoadedFromMemory doesn't match image /Users/adarsh/Chess-Multiplayer/Library/PackageCache/com.unity.visualscripting@1.7.8/Editor/VisualScripting.Core/Dependencies/YamlDotNet/Unity.VisualScripting.YamlDotNet.dll
Symbol file LoadedFromMemory doesn't match image /Users/adarsh/Chess-Multiplayer/Library/PackageCache/com.unity.visualscripting@1.7.8/Editor/VisualScripting.Core/Dependencies/DotNetZip/Unity.VisualScripting.IonicZip.dll
Native extension for Android target not found
Native extension for OSXStandalone target not found
Refreshing native plugins compatible for Editor in 0.52 ms, found 2 plugins.
Preloading 0 native plugins for Editor in 0.00 ms.
Mono: successfully reloaded assembly
- Completed reload, in  0.676 seconds
Domain Reload Profiling:
	ReloadAssembly (677ms)
		BeginReloadAssembly (135ms)
			ExecutionOrderSort (0ms)
			DisableScriptedObjects (8ms)
			BackupInstance (0ms)
			ReleaseScriptingObjects (0ms)
			CreateAndSetChildDomain (48ms)
		EndReloadAssembly (473ms)
			LoadAssemblies (39ms)
			RebuildTransferFunctionScriptingTraits (0ms)
			SetupTypeCache (181ms)
			ReleaseScriptCaches (1ms)
			RebuildScriptCaches (29ms)
			SetupLoadedEditorAssemblies (201ms)
				LogAssemblyErrors (0ms)
				InitializePlatformSupportModulesInManaged (9ms)
				SetLoadedEditorAssemblies (0ms)
				RefreshPlugins (1ms)
				BeforeProcessingInitializeOnLoad (40ms)
				ProcessInitializeOnLoadAttributes (135ms)
				ProcessInitializeOnLoadMethodAttributes (16ms)
				AfterProcessingInitializeOnLoad (1ms)
				EditorAssembliesLoaded (0ms)
			ExecutionOrderSort2 (0ms)
			AwakeInstancesAfterBackupRestoration (2ms)
Platform modules already initialized, skipping
Refreshing native plugins compatible for Editor in 0.76 ms, found 2 plugins.
Preloading 0 native plugins for Editor in 0.00 ms.
Unloading 3392 Unused Serialized files (Serialized files now loaded: 0)
Unloading 20 unused Assets / (71.0 KB). Loaded Objects now: 3912.
Memory consumption went from 254.0 MB to 253.9 MB.
Total: 2.257833 ms (FindLiveObjects: 0.143250 ms CreateObjectMapping: 0.041667 ms MarkObjects: 2.007458 ms  DeleteObjects: 0.064791 ms)

AssetImportParameters requested are different than current active one (requested -> active):
  custom:video-decoder-ogg-theora: a1e56fd34408186e4bbccfd4996cb3dc -> 
  custom:container-muxer-webm: aa71ff27fc2769a1b78a27578f13a17b -> 
  custom:container-demuxer-webm: 4f35f7cbe854078d1ac9338744f61a02 -> 
  custom:video-encoder-webm-vp8: eb34c28f22e8b96e1ab97ce403110664 -> 
  custom:framework-osx-AVFoundation: e770b220cccbd017edd2c1fefb359320 -> 
  custom:audio-encoder-webm-vorbis: bf7c407c2cedff20999df2af8eb42d56 -> 
  custom:container-demuxer-ogg: 62fdf1f143b41e24485cea50d1cbac27 -> 
  custom:video-decoder-webm-vp8: 9c59270c3fd7afecdb556c50c9e8de78 -> 
  custom:audio-decoder-ogg-vorbis: bf7c407c2cedff20999df2af8eb42d56 -> 
